{"/Users/davidkim/Workspaces/rhbc-crm/packages/backend/src/handlers/checkInChild.ts": {"path":"/Users/davidkim/Workspaces/rhbc-crm/packages/backend/src/handlers/checkInChild.ts","statementMap":{"0":{"start":{"line":21,"column":2},"end":{"line":21,"column":72}},"1":{"start":{"line":23,"column":2},"end":{"line":54,"column":3}},"2":{"start":{"line":25,"column":4},"end":{"line":27,"column":5}},"3":{"start":{"line":26,"column":6},"end":{"line":26,"column":52}},"4":{"start":{"line":29,"column":38},"end":{"line":29,"column":60}},"5":{"start":{"line":32,"column":4},"end":{"line":34,"column":5}},"6":{"start":{"line":33,"column":6},"end":{"line":33,"column":76}},"7":{"start":{"line":37,"column":19},"end":{"line":41,"column":6}},"8":{"start":{"line":43,"column":4},"end":{"line":43,"column":88}},"9":{"start":{"line":45,"column":4},"end":{"line":45,"column":27}},"10":{"start":{"line":47,"column":4},"end":{"line":47,"column":59}},"11":{"start":{"line":49,"column":4},"end":{"line":51,"column":5}},"12":{"start":{"line":50,"column":6},"end":{"line":50,"column":40}},"13":{"start":{"line":53,"column":4},"end":{"line":53,"column":51}}},"fnMap":{"0":{"name":"handler","decl":{"start":{"line":18,"column":22},"end":{"line":18,"column":29}},"loc":{"start":{"line":19,"column":29},"end":{"line":55,"column":1}}}},"branchMap":{"0":{"loc":{"start":{"line":25,"column":4},"end":{"line":27,"column":5}},"type":"if","locations":[{"start":{"line":25,"column":4},"end":{"line":27,"column":5}}]},"1":{"loc":{"start":{"line":32,"column":4},"end":{"line":34,"column":5}},"type":"if","locations":[{"start":{"line":32,"column":4},"end":{"line":34,"column":5}}]},"2":{"loc":{"start":{"line":32,"column":8},"end":{"line":32,"column":53}},"type":"binary-expr","locations":[{"start":{"line":32,"column":8},"end":{"line":32,"column":21}},{"start":{"line":32,"column":25},"end":{"line":32,"column":39}},{"start":{"line":32,"column":43},"end":{"line":32,"column":53}}]},"3":{"loc":{"start":{"line":49,"column":4},"end":{"line":51,"column":5}},"type":"if","locations":[{"start":{"line":49,"column":4},"end":{"line":51,"column":5}}]}},"s":{"0":0,"1":0,"2":0,"3":0,"4":0,"5":0,"6":0,"7":0,"8":0,"9":0,"10":0,"11":0,"12":0,"13":0},"f":{"0":0},"b":{"0":[0],"1":[0],"2":[0,0,0],"3":[0]}}
,"/Users/davidkim/Workspaces/rhbc-crm/packages/backend/src/handlers/checkOutChild.ts": {"path":"/Users/davidkim/Workspaces/rhbc-crm/packages/backend/src/handlers/checkOutChild.ts","statementMap":{"0":{"start":{"line":27,"column":2},"end":{"line":27,"column":73}},"1":{"start":{"line":29,"column":2},"end":{"line":75,"column":3}},"2":{"start":{"line":31,"column":4},"end":{"line":33,"column":5}},"3":{"start":{"line":32,"column":6},"end":{"line":32,"column":52}},"4":{"start":{"line":35,"column":39},"end":{"line":35,"column":61}},"5":{"start":{"line":38,"column":4},"end":{"line":40,"column":5}},"6":{"start":{"line":39,"column":6},"end":{"line":39,"column":67}},"7":{"start":{"line":43,"column":4},"end":{"line":45,"column":5}},"8":{"start":{"line":44,"column":6},"end":{"line":44,"column":48}},"9":{"start":{"line":48,"column":20},"end":{"line":48,"column":65}},"10":{"start":{"line":50,"column":4},"end":{"line":50,"column":69}},"11":{"start":{"line":52,"column":4},"end":{"line":55,"column":7}},"12":{"start":{"line":57,"column":4},"end":{"line":57,"column":60}},"13":{"start":{"line":59,"column":4},"end":{"line":72,"column":5}},"14":{"start":{"line":61,"column":6},"end":{"line":63,"column":7}},"15":{"start":{"line":62,"column":8},"end":{"line":62,"column":53}},"16":{"start":{"line":64,"column":6},"end":{"line":66,"column":7}},"17":{"start":{"line":65,"column":8},"end":{"line":65,"column":43}},"18":{"start":{"line":67,"column":6},"end":{"line":69,"column":7}},"19":{"start":{"line":68,"column":8},"end":{"line":68,"column":64}},"20":{"start":{"line":71,"column":6},"end":{"line":71,"column":40}},"21":{"start":{"line":74,"column":4},"end":{"line":74,"column":52}}},"fnMap":{"0":{"name":"handler","decl":{"start":{"line":24,"column":22},"end":{"line":24,"column":29}},"loc":{"start":{"line":25,"column":29},"end":{"line":76,"column":1}}}},"branchMap":{"0":{"loc":{"start":{"line":31,"column":4},"end":{"line":33,"column":5}},"type":"if","locations":[{"start":{"line":31,"column":4},"end":{"line":33,"column":5}}]},"1":{"loc":{"start":{"line":38,"column":4},"end":{"line":40,"column":5}},"type":"if","locations":[{"start":{"line":38,"column":4},"end":{"line":40,"column":5}}]},"2":{"loc":{"start":{"line":38,"column":8},"end":{"line":38,"column":36}},"type":"binary-expr","locations":[{"start":{"line":38,"column":8},"end":{"line":38,"column":23}},{"start":{"line":38,"column":27},"end":{"line":38,"column":36}}]},"3":{"loc":{"start":{"line":43,"column":4},"end":{"line":45,"column":5}},"type":"if","locations":[{"start":{"line":43,"column":4},"end":{"line":45,"column":5}}]},"4":{"loc":{"start":{"line":59,"column":4},"end":{"line":72,"column":5}},"type":"if","locations":[{"start":{"line":59,"column":4},"end":{"line":72,"column":5}}]},"5":{"loc":{"start":{"line":61,"column":6},"end":{"line":63,"column":7}},"type":"if","locations":[{"start":{"line":61,"column":6},"end":{"line":63,"column":7}}]},"6":{"loc":{"start":{"line":64,"column":6},"end":{"line":66,"column":7}},"type":"if","locations":[{"start":{"line":64,"column":6},"end":{"line":66,"column":7}}]},"7":{"loc":{"start":{"line":67,"column":6},"end":{"line":69,"column":7}},"type":"if","locations":[{"start":{"line":67,"column":6},"end":{"line":69,"column":7}}]}},"s":{"0":0,"1":0,"2":0,"3":0,"4":0,"5":0,"6":0,"7":0,"8":0,"9":0,"10":0,"11":0,"12":0,"13":0,"14":0,"15":0,"16":0,"17":0,"18":0,"19":0,"20":0,"21":0},"f":{"0":0},"b":{"0":[0],"1":[0],"2":[0,0],"3":[0],"4":[0],"5":[0],"6":[0],"7":[0]}}
,"/Users/davidkim/Workspaces/rhbc-crm/packages/backend/src/handlers/createFamily.ts": {"path":"/Users/davidkim/Workspaces/rhbc-crm/packages/backend/src/handlers/createFamily.ts","statementMap":{"0":{"start":{"line":24,"column":2},"end":{"line":24,"column":73}},"1":{"start":{"line":26,"column":2},"end":{"line":99,"column":3}},"2":{"start":{"line":28,"column":4},"end":{"line":30,"column":5}},"3":{"start":{"line":29,"column":6},"end":{"line":29,"column":52}},"4":{"start":{"line":32,"column":38},"end":{"line":32,"column":60}},"5":{"start":{"line":35,"column":4},"end":{"line":37,"column":5}},"6":{"start":{"line":36,"column":6},"end":{"line":36,"column":99}},"7":{"start":{"line":40,"column":4},"end":{"line":42,"column":5}},"8":{"start":{"line":41,"column":6},"end":{"line":41,"column":69}},"9":{"start":{"line":45,"column":4},"end":{"line":47,"column":5}},"10":{"start":{"line":46,"column":6},"end":{"line":46,"column":59}},"11":{"start":{"line":50,"column":4},"end":{"line":52,"column":5}},"12":{"start":{"line":51,"column":6},"end":{"line":51,"column":48}},"13":{"start":{"line":55,"column":21},"end":{"line":55,"column":86}},"14":{"start":{"line":56,"column":21},"end":{"line":56,"column":86}},"15":{"start":{"line":57,"column":16},"end":{"line":57,"column":40}},"16":{"start":{"line":60,"column":27},"end":{"line":67,"column":6}},"17":{"start":{"line":70,"column":27},"end":{"line":79,"column":6}},"18":{"start":{"line":82,"column":4},"end":{"line":82,"column":31}},"19":{"start":{"line":83,"column":4},"end":{"line":83,"column":31}},"20":{"start":{"line":85,"column":4},"end":{"line":85,"column":70}},"21":{"start":{"line":87,"column":4},"end":{"line":90,"column":7}},"22":{"start":{"line":92,"column":4},"end":{"line":92,"column":59}},"23":{"start":{"line":94,"column":4},"end":{"line":96,"column":5}},"24":{"start":{"line":95,"column":6},"end":{"line":95,"column":40}},"25":{"start":{"line":98,"column":4},"end":{"line":98,"column":50}}},"fnMap":{"0":{"name":"handler","decl":{"start":{"line":21,"column":22},"end":{"line":21,"column":29}},"loc":{"start":{"line":22,"column":29},"end":{"line":100,"column":1}}}},"branchMap":{"0":{"loc":{"start":{"line":28,"column":4},"end":{"line":30,"column":5}},"type":"if","locations":[{"start":{"line":28,"column":4},"end":{"line":30,"column":5}}]},"1":{"loc":{"start":{"line":35,"column":4},"end":{"line":37,"column":5}},"type":"if","locations":[{"start":{"line":35,"column":4},"end":{"line":37,"column":5}}]},"2":{"loc":{"start":{"line":35,"column":8},"end":{"line":35,"column":84}},"type":"binary-expr","locations":[{"start":{"line":35,"column":8},"end":{"line":35,"column":22}},{"start":{"line":35,"column":26},"end":{"line":35,"column":38}},{"start":{"line":35,"column":42},"end":{"line":35,"column":63}},{"start":{"line":35,"column":67},"end":{"line":35,"column":84}}]},"3":{"loc":{"start":{"line":40,"column":4},"end":{"line":42,"column":5}},"type":"if","locations":[{"start":{"line":40,"column":4},"end":{"line":42,"column":5}}]},"4":{"loc":{"start":{"line":40,"column":8},"end":{"line":40,"column":59}},"type":"binary-expr","locations":[{"start":{"line":40,"column":8},"end":{"line":40,"column":32}},{"start":{"line":40,"column":36},"end":{"line":40,"column":59}}]},"5":{"loc":{"start":{"line":45,"column":4},"end":{"line":47,"column":5}},"type":"if","locations":[{"start":{"line":45,"column":4},"end":{"line":47,"column":5}}]},"6":{"loc":{"start":{"line":50,"column":4},"end":{"line":52,"column":5}},"type":"if","locations":[{"start":{"line":50,"column":4},"end":{"line":52,"column":5}}]},"7":{"loc":{"start":{"line":50,"column":8},"end":{"line":50,"column":80}},"type":"binary-expr","locations":[{"start":{"line":50,"column":8},"end":{"line":50,"column":24}},{"start":{"line":50,"column":28},"end":{"line":50,"column":80}}]},"8":{"loc":{"start":{"line":94,"column":4},"end":{"line":96,"column":5}},"type":"if","locations":[{"start":{"line":94,"column":4},"end":{"line":96,"column":5}}]}},"s":{"0":0,"1":0,"2":0,"3":0,"4":0,"5":0,"6":0,"7":0,"8":0,"9":0,"10":0,"11":0,"12":0,"13":0,"14":0,"15":0,"16":0,"17":0,"18":0,"19":0,"20":0,"21":0,"22":0,"23":0,"24":0,"25":0},"f":{"0":0},"b":{"0":[0],"1":[0],"2":[0,0,0,0],"3":[0],"4":[0,0],"5":[0],"6":[0],"7":[0,0],"8":[0]}}
,"/Users/davidkim/Workspaces/rhbc-crm/packages/backend/src/handlers/getActiveCheckIns.ts": {"path":"/Users/davidkim/Workspaces/rhbc-crm/packages/backend/src/handlers/getActiveCheckIns.ts","statementMap":{"0":{"start":{"line":35,"column":2},"end":{"line":35,"column":78}},"1":{"start":{"line":37,"column":2},"end":{"line":55,"column":3}},"2":{"start":{"line":39,"column":21},"end":{"line":39,"column":46}},"3":{"start":{"line":41,"column":4},"end":{"line":41,"column":61}},"4":{"start":{"line":43,"column":4},"end":{"line":46,"column":7}},"5":{"start":{"line":48,"column":4},"end":{"line":48,"column":64}},"6":{"start":{"line":50,"column":4},"end":{"line":52,"column":5}},"7":{"start":{"line":51,"column":6},"end":{"line":51,"column":40}},"8":{"start":{"line":54,"column":4},"end":{"line":54,"column":62}}},"fnMap":{"0":{"name":"handler","decl":{"start":{"line":32,"column":22},"end":{"line":32,"column":29}},"loc":{"start":{"line":33,"column":29},"end":{"line":56,"column":1}}}},"branchMap":{"0":{"loc":{"start":{"line":50,"column":4},"end":{"line":52,"column":5}},"type":"if","locations":[{"start":{"line":50,"column":4},"end":{"line":52,"column":5}}]}},"s":{"0":0,"1":0,"2":0,"3":0,"4":0,"5":0,"6":0,"7":0,"8":0},"f":{"0":0},"b":{"0":[0]}}
,"/Users/davidkim/Workspaces/rhbc-crm/packages/backend/src/handlers/getFamilies.ts": {"path":"/Users/davidkim/Workspaces/rhbc-crm/packages/backend/src/handlers/getFamilies.ts","statementMap":{"0":{"start":{"line":12,"column":2},"end":{"line":12,"column":72}},"1":{"start":{"line":14,"column":2},"end":{"line":26,"column":3}},"2":{"start":{"line":15,"column":21},"end":{"line":15,"column":43}},"3":{"start":{"line":17,"column":4},"end":{"line":17,"column":57}},"4":{"start":{"line":19,"column":4},"end":{"line":22,"column":7}},"5":{"start":{"line":24,"column":4},"end":{"line":24,"column":58}},"6":{"start":{"line":25,"column":4},"end":{"line":25,"column":54}}},"fnMap":{"0":{"name":"handler","decl":{"start":{"line":9,"column":22},"end":{"line":9,"column":29}},"loc":{"start":{"line":10,"column":29},"end":{"line":27,"column":1}}}},"branchMap":{},"s":{"0":0,"1":0,"2":0,"3":0,"4":0,"5":0,"6":0},"f":{"0":0},"b":{}}
,"/Users/davidkim/Workspaces/rhbc-crm/packages/backend/src/handlers/getFamily.ts": {"path":"/Users/davidkim/Workspaces/rhbc-crm/packages/backend/src/handlers/getFamily.ts","statementMap":{"0":{"start":{"line":12,"column":2},"end":{"line":12,"column":77}},"1":{"start":{"line":14,"column":2},"end":{"line":41,"column":3}},"2":{"start":{"line":16,"column":21},"end":{"line":16,"column":45}},"3":{"start":{"line":18,"column":4},"end":{"line":20,"column":5}},"4":{"start":{"line":19,"column":6},"end":{"line":19,"column":49}},"5":{"start":{"line":23,"column":19},"end":{"line":23,"column":48}},"6":{"start":{"line":25,"column":4},"end":{"line":27,"column":5}},"7":{"start":{"line":26,"column":6},"end":{"line":26,"column":62}},"8":{"start":{"line":30,"column":19},"end":{"line":30,"column":52}},"9":{"start":{"line":32,"column":4},"end":{"line":32,"column":78}},"10":{"start":{"line":34,"column":4},"end":{"line":37,"column":7}},"11":{"start":{"line":39,"column":4},"end":{"line":39,"column":56}},"12":{"start":{"line":40,"column":4},"end":{"line":40,"column":52}}},"fnMap":{"0":{"name":"handler","decl":{"start":{"line":9,"column":22},"end":{"line":9,"column":29}},"loc":{"start":{"line":10,"column":29},"end":{"line":42,"column":1}}}},"branchMap":{"0":{"loc":{"start":{"line":18,"column":4},"end":{"line":20,"column":5}},"type":"if","locations":[{"start":{"line":18,"column":4},"end":{"line":20,"column":5}}]},"1":{"loc":{"start":{"line":25,"column":4},"end":{"line":27,"column":5}},"type":"if","locations":[{"start":{"line":25,"column":4},"end":{"line":27,"column":5}}]}},"s":{"0":0,"1":0,"2":0,"3":0,"4":0,"5":0,"6":0,"7":0,"8":0,"9":0,"10":0,"11":0,"12":0},"f":{"0":0},"b":{"0":[0],"1":[0]}}
,"/Users/davidkim/Workspaces/rhbc-crm/packages/backend/src/services/checkInService.ts": {"path":"/Users/davidkim/Workspaces/rhbc-crm/packages/backend/src/services/checkInService.ts","statementMap":{"0":{"start":{"line":9,"column":2},"end":{"line":9,"column":52}},"1":{"start":{"line":17,"column":2},"end":{"line":17,"column":60}},"2":{"start":{"line":50,"column":20},"end":{"line":50,"column":61}},"3":{"start":{"line":53,"column":14},"end":{"line":53,"column":27}},"4":{"start":{"line":56,"column":14},"end":{"line":56,"column":38}},"5":{"start":{"line":59,"column":27},"end":{"line":72,"column":4}},"6":{"start":{"line":75,"column":2},"end":{"line":75,"column":31}},"7":{"start":{"line":78,"column":2},"end":{"line":78,"column":26}},"8":{"start":{"line":85,"column":2},"end":{"line":101,"column":3}},"9":{"start":{"line":86,"column":4},"end":{"line":92,"column":6}},"10":{"start":{"line":94,"column":4},"end":{"line":94,"column":19}},"11":{"start":{"line":96,"column":4},"end":{"line":98,"column":5}},"12":{"start":{"line":97,"column":6},"end":{"line":97,"column":62}},"13":{"start":{"line":99,"column":4},"end":{"line":99,"column":53}},"14":{"start":{"line":100,"column":4},"end":{"line":100,"column":49}},"15":{"start":{"line":109,"column":2},"end":{"line":129,"column":3}},"16":{"start":{"line":110,"column":19},"end":{"line":122,"column":null}},"17":{"start":{"line":125,"column":4},"end":{"line":125,"column":45}},"18":{"start":{"line":127,"column":4},"end":{"line":127,"column":60}},"19":{"start":{"line":128,"column":4},"end":{"line":128,"column":59}},"20":{"start":{"line":139,"column":2},"end":{"line":193,"column":3}},"21":{"start":{"line":141,"column":22},"end":{"line":145,"column":null}},"22":{"start":{"line":148,"column":4},"end":{"line":150,"column":5}},"23":{"start":{"line":149,"column":6},"end":{"line":149,"column":44}},"24":{"start":{"line":152,"column":20},"end":{"line":152,"column":45}},"25":{"start":{"line":155,"column":4},"end":{"line":157,"column":5}},"26":{"start":{"line":156,"column":6},"end":{"line":156,"column":37}},"27":{"start":{"line":160,"column":4},"end":{"line":162,"column":5}},"28":{"start":{"line":161,"column":6},"end":{"line":161,"column":51}},"29":{"start":{"line":165,"column":16},"end":{"line":165,"column":40}},"30":{"start":{"line":166,"column":4},"end":{"line":181,"column":6}},"31":{"start":{"line":183,"column":4},"end":{"line":189,"column":6}},"32":{"start":{"line":191,"column":4},"end":{"line":191,"column":54}},"33":{"start":{"line":192,"column":4},"end":{"line":192,"column":16}}},"fnMap":{"0":{"name":"generateRandomId","decl":{"start":{"line":8,"column":9},"end":{"line":8,"column":25}},"loc":{"start":{"line":8,"column":25},"end":{"line":10,"column":1}}},"1":{"name":"generatePin","decl":{"start":{"line":16,"column":9},"end":{"line":16,"column":20}},"loc":{"start":{"line":16,"column":20},"end":{"line":18,"column":1}}},"2":{"name":"checkInChild","decl":{"start":{"line":44,"column":22},"end":{"line":44,"column":34}},"loc":{"start":{"line":48,"column":1},"end":{"line":79,"column":1}}},"3":{"name":"createCheckIn","decl":{"start":{"line":84,"column":22},"end":{"line":84,"column":35}},"loc":{"start":{"line":84,"column":52},"end":{"line":102,"column":1}}},"4":{"name":"getActiveCheckIns","decl":{"start":{"line":108,"column":22},"end":{"line":108,"column":39}},"loc":{"start":{"line":108,"column":39},"end":{"line":130,"column":1}}},"5":{"name":"checkOutChild","decl":{"start":{"line":135,"column":22},"end":{"line":135,"column":35}},"loc":{"start":{"line":137,"column":21},"end":{"line":194,"column":1}}}},"branchMap":{"0":{"loc":{"start":{"line":96,"column":4},"end":{"line":98,"column":5}},"type":"if","locations":[{"start":{"line":96,"column":4},"end":{"line":98,"column":5}}]},"1":{"loc":{"start":{"line":125,"column":12},"end":{"line":125,"column":30}},"type":"binary-expr","locations":[{"start":{"line":125,"column":12},"end":{"line":125,"column":24}},{"start":{"line":125,"column":28},"end":{"line":125,"column":30}}]},"2":{"loc":{"start":{"line":148,"column":4},"end":{"line":150,"column":5}},"type":"if","locations":[{"start":{"line":148,"column":4},"end":{"line":150,"column":5}}]},"3":{"loc":{"start":{"line":155,"column":4},"end":{"line":157,"column":5}},"type":"if","locations":[{"start":{"line":155,"column":4},"end":{"line":157,"column":5}}]},"4":{"loc":{"start":{"line":160,"column":4},"end":{"line":162,"column":5}},"type":"if","locations":[{"start":{"line":160,"column":4},"end":{"line":162,"column":5}}]}},"s":{"0":5,"1":5,"2":5,"3":5,"4":5,"5":5,"6":5,"7":5,"8":5,"9":5,"10":5,"11":0,"12":0,"13":0,"14":0,"15":0,"16":0,"17":0,"18":0,"19":0,"20":0,"21":0,"22":0,"23":0,"24":0,"25":0,"26":0,"27":0,"28":0,"29":0,"30":0,"31":0,"32":0,"33":0},"f":{"0":5,"1":5,"2":5,"3":5,"4":0,"5":0},"b":{"0":[0],"1":[0,0],"2":[0],"3":[0],"4":[0]}}
,"/Users/davidkim/Workspaces/rhbc-crm/packages/backend/src/services/familyService.ts": {"path":"/Users/davidkim/Workspaces/rhbc-crm/packages/backend/src/services/familyService.ts","statementMap":{"0":{"start":{"line":9,"column":18},"end":{"line":9,"column":26}},"1":{"start":{"line":16,"column":2},"end":{"line":33,"column":3}},"2":{"start":{"line":17,"column":19},"end":{"line":26,"column":null}},"3":{"start":{"line":29,"column":4},"end":{"line":29,"column":44}},"4":{"start":{"line":31,"column":4},"end":{"line":31,"column":52}},"5":{"start":{"line":32,"column":4},"end":{"line":32,"column":51}},"6":{"start":{"line":40,"column":2},"end":{"line":52,"column":3}},"7":{"start":{"line":41,"column":19},"end":{"line":45,"column":null}},"8":{"start":{"line":48,"column":4},"end":{"line":48,"column":43}},"9":{"start":{"line":50,"column":4},"end":{"line":50,"column":50}},"10":{"start":{"line":51,"column":4},"end":{"line":51,"column":49}},"11":{"start":{"line":60,"column":23},"end":{"line":63,"column":4}},"12":{"start":{"line":65,"column":2},"end":{"line":82,"column":3}},"13":{"start":{"line":66,"column":4},"end":{"line":73,"column":6}},"14":{"start":{"line":75,"column":4},"end":{"line":75,"column":24}},"15":{"start":{"line":77,"column":4},"end":{"line":79,"column":5}},"16":{"start":{"line":78,"column":6},"end":{"line":78,"column":60}},"17":{"start":{"line":80,"column":4},"end":{"line":80,"column":51}},"18":{"start":{"line":81,"column":4},"end":{"line":81,"column":47}},"19":{"start":{"line":89,"column":2},"end":{"line":105,"column":3}},"20":{"start":{"line":90,"column":19},"end":{"line":98,"column":null}},"21":{"start":{"line":101,"column":4},"end":{"line":101,"column":44}},"22":{"start":{"line":103,"column":4},"end":{"line":103,"column":61}},"23":{"start":{"line":104,"column":4},"end":{"line":104,"column":57}},"24":{"start":{"line":112,"column":2},"end":{"line":128,"column":3}},"25":{"start":{"line":113,"column":4},"end":{"line":119,"column":6}},"26":{"start":{"line":121,"column":4},"end":{"line":121,"column":18}},"27":{"start":{"line":123,"column":4},"end":{"line":125,"column":5}},"28":{"start":{"line":124,"column":6},"end":{"line":124,"column":60}},"29":{"start":{"line":126,"column":4},"end":{"line":126,"column":51}},"30":{"start":{"line":127,"column":4},"end":{"line":127,"column":47}},"31":{"start":{"line":136,"column":2},"end":{"line":152,"column":3}},"32":{"start":{"line":137,"column":19},"end":{"line":145,"column":null}},"33":{"start":{"line":148,"column":4},"end":{"line":148,"column":44}},"34":{"start":{"line":150,"column":4},"end":{"line":150,"column":54}},"35":{"start":{"line":151,"column":4},"end":{"line":151,"column":49}}},"fnMap":{"0":{"name":"getAllFamilies","decl":{"start":{"line":15,"column":22},"end":{"line":15,"column":36}},"loc":{"start":{"line":15,"column":36},"end":{"line":34,"column":1}}},"1":{"name":"getFamilyById","decl":{"start":{"line":39,"column":22},"end":{"line":39,"column":35}},"loc":{"start":{"line":39,"column":52},"end":{"line":53,"column":1}}},"2":{"name":"createFamily","decl":{"start":{"line":58,"column":22},"end":{"line":58,"column":34}},"loc":{"start":{"line":58,"column":49},"end":{"line":83,"column":1}}},"3":{"name":"getPeopleByFamily","decl":{"start":{"line":88,"column":22},"end":{"line":88,"column":39}},"loc":{"start":{"line":88,"column":56},"end":{"line":106,"column":1}}},"4":{"name":"createPerson","decl":{"start":{"line":111,"column":22},"end":{"line":111,"column":34}},"loc":{"start":{"line":111,"column":49},"end":{"line":129,"column":1}}},"5":{"name":"getAllPeople","decl":{"start":{"line":135,"column":22},"end":{"line":135,"column":34}},"loc":{"start":{"line":135,"column":34},"end":{"line":153,"column":1}}}},"branchMap":{"0":{"loc":{"start":{"line":29,"column":12},"end":{"line":29,"column":30}},"type":"binary-expr","locations":[{"start":{"line":29,"column":12},"end":{"line":29,"column":24}},{"start":{"line":29,"column":28},"end":{"line":29,"column":30}}]},"1":{"loc":{"start":{"line":48,"column":12},"end":{"line":48,"column":42}},"type":"binary-expr","locations":[{"start":{"line":48,"column":12},"end":{"line":48,"column":34}},{"start":{"line":48,"column":38},"end":{"line":48,"column":42}}]},"2":{"loc":{"start":{"line":77,"column":4},"end":{"line":79,"column":5}},"type":"if","locations":[{"start":{"line":77,"column":4},"end":{"line":79,"column":5}}]},"3":{"loc":{"start":{"line":101,"column":12},"end":{"line":101,"column":30}},"type":"binary-expr","locations":[{"start":{"line":101,"column":12},"end":{"line":101,"column":24}},{"start":{"line":101,"column":28},"end":{"line":101,"column":30}}]},"4":{"loc":{"start":{"line":123,"column":4},"end":{"line":125,"column":5}},"type":"if","locations":[{"start":{"line":123,"column":4},"end":{"line":125,"column":5}}]},"5":{"loc":{"start":{"line":148,"column":12},"end":{"line":148,"column":30}},"type":"binary-expr","locations":[{"start":{"line":148,"column":12},"end":{"line":148,"column":24}},{"start":{"line":148,"column":28},"end":{"line":148,"column":30}}]}},"s":{"0":0,"1":0,"2":0,"3":0,"4":0,"5":0,"6":0,"7":0,"8":0,"9":0,"10":0,"11":0,"12":0,"13":0,"14":0,"15":0,"16":0,"17":0,"18":0,"19":0,"20":0,"21":0,"22":0,"23":0,"24":0,"25":0,"26":0,"27":0,"28":0,"29":0,"30":0,"31":0,"32":0,"33":0,"34":0,"35":0},"f":{"0":0,"1":0,"2":0,"3":0,"4":0,"5":0},"b":{"0":[0,0],"1":[0,0],"2":[0],"3":[0,0],"4":[0],"5":[0,0]}}
,"/Users/davidkim/Workspaces/rhbc-crm/packages/backend/src/utils/dynamodb.ts": {"path":"/Users/davidkim/Workspaces/rhbc-crm/packages/backend/src/utils/dynamodb.ts","statementMap":{"0":{"start":{"line":8,"column":15},"end":{"line":10,"column":2}},"1":{"start":{"line":16,"column":24},"end":{"line":21,"column":2}},"2":{"start":{"line":26,"column":22},"end":{"line":32,"column":2}}},"fnMap":{},"branchMap":{"0":{"loc":{"start":{"line":9,"column":10},"end":{"line":9,"column":47}},"type":"binary-expr","locations":[{"start":{"line":9,"column":10},"end":{"line":9,"column":32}},{"start":{"line":9,"column":36},"end":{"line":9,"column":47}}]},"1":{"loc":{"start":{"line":27,"column":12},"end":{"line":27,"column":57}},"type":"binary-expr","locations":[{"start":{"line":27,"column":12},"end":{"line":27,"column":38}},{"start":{"line":27,"column":42},"end":{"line":27,"column":57}}]},"2":{"loc":{"start":{"line":28,"column":10},"end":{"line":28,"column":51}},"type":"binary-expr","locations":[{"start":{"line":28,"column":10},"end":{"line":28,"column":34}},{"start":{"line":28,"column":38},"end":{"line":28,"column":51}}]},"3":{"loc":{"start":{"line":29,"column":12},"end":{"line":29,"column":57}},"type":"binary-expr","locations":[{"start":{"line":29,"column":12},"end":{"line":29,"column":38}},{"start":{"line":29,"column":42},"end":{"line":29,"column":57}}]},"4":{"loc":{"start":{"line":30,"column":10},"end":{"line":30,"column":51}},"type":"binary-expr","locations":[{"start":{"line":30,"column":10},"end":{"line":30,"column":34}},{"start":{"line":30,"column":38},"end":{"line":30,"column":51}}]},"5":{"loc":{"start":{"line":31,"column":23},"end":{"line":31,"column":90}},"type":"binary-expr","locations":[{"start":{"line":31,"column":23},"end":{"line":31,"column":60}},{"start":{"line":31,"column":64},"end":{"line":31,"column":90}}]}},"s":{"0":1,"1":1,"2":1},"f":{},"b":{"0":[1,1],"1":[1,1],"2":[1,1],"3":[1,1],"4":[1,1],"5":[1,1]}}
,"/Users/davidkim/Workspaces/rhbc-crm/packages/backend/src/utils/response.ts": {"path":"/Users/davidkim/Workspaces/rhbc-crm/packages/backend/src/utils/response.ts","statementMap":{"0":{"start":{"line":13,"column":20},"end":{"line":17,"column":2}},"1":{"start":{"line":23,"column":2},"end":{"line":27,"column":4}},"2":{"start":{"line":34,"column":2},"end":{"line":38,"column":4}},"3":{"start":{"line":45,"column":2},"end":{"line":49,"column":4}},"4":{"start":{"line":56,"column":2},"end":{"line":56,"column":29}},"5":{"start":{"line":63,"column":2},"end":{"line":63,"column":29}},"6":{"start":{"line":70,"column":2},"end":{"line":70,"column":29}}},"fnMap":{"0":{"name":"success","decl":{"start":{"line":22,"column":16},"end":{"line":22,"column":23}},"loc":{"start":{"line":22,"column":34},"end":{"line":28,"column":1}}},"1":{"name":"created","decl":{"start":{"line":33,"column":16},"end":{"line":33,"column":23}},"loc":{"start":{"line":33,"column":34},"end":{"line":39,"column":1}}},"2":{"name":"error","decl":{"start":{"line":44,"column":16},"end":{"line":44,"column":21}},"loc":{"start":{"line":44,"column":57},"end":{"line":50,"column":1}}},"3":{"name":"badRequest","decl":{"start":{"line":55,"column":16},"end":{"line":55,"column":26}},"loc":{"start":{"line":55,"column":42},"end":{"line":57,"column":1}}},"4":{"name":"notFound","decl":{"start":{"line":62,"column":16},"end":{"line":62,"column":24}},"loc":{"start":{"line":62,"column":63},"end":{"line":64,"column":1}}},"5":{"name":"serverError","decl":{"start":{"line":69,"column":16},"end":{"line":69,"column":27}},"loc":{"start":{"line":69,"column":69},"end":{"line":71,"column":1}}}},"branchMap":{"0":{"loc":{"start":{"line":62,"column":25},"end":{"line":62,"column":63}},"type":"default-arg","locations":[{"start":{"line":62,"column":43},"end":{"line":62,"column":63}}]},"1":{"loc":{"start":{"line":69,"column":28},"end":{"line":69,"column":69}},"type":"default-arg","locations":[{"start":{"line":69,"column":46},"end":{"line":69,"column":69}}]}},"s":{"0":0,"1":0,"2":0,"3":0,"4":0,"5":0,"6":0},"f":{"0":0,"1":0,"2":0,"3":0,"4":0,"5":0},"b":{"0":[0],"1":[0]}}
}
