TN:
SF:src/handlers/checkInChild.ts
FN:18,handler
FNF:1
FNH:0
FNDA:0,handler
DA:21,0
DA:23,0
DA:25,0
DA:26,0
DA:29,0
DA:32,0
DA:33,0
DA:37,0
DA:43,0
DA:45,0
DA:47,0
DA:49,0
DA:50,0
DA:53,0
LF:14
LH:0
BRDA:25,0,0,0
BRDA:32,1,0,0
BRDA:32,2,0,0
BRDA:32,2,1,0
BRDA:32,2,2,0
BRDA:49,3,0,0
BRF:6
BRH:0
end_of_record
TN:
SF:src/handlers/checkOutChild.ts
FN:24,handler
FNF:1
FNH:0
FNDA:0,handler
DA:27,0
DA:29,0
DA:31,0
DA:32,0
DA:35,0
DA:38,0
DA:39,0
DA:43,0
DA:44,0
DA:48,0
DA:50,0
DA:52,0
DA:57,0
DA:59,0
DA:61,0
DA:62,0
DA:64,0
DA:65,0
DA:67,0
DA:68,0
DA:71,0
DA:74,0
LF:22
LH:0
BRDA:31,0,0,0
BRDA:38,1,0,0
BRDA:38,2,0,0
BRDA:38,2,1,0
BRDA:43,3,0,0
BRDA:59,4,0,0
BRDA:61,5,0,0
BRDA:64,6,0,0
BRDA:67,7,0,0
BRF:9
BRH:0
end_of_record
TN:
SF:src/handlers/createFamily.ts
FN:21,handler
FNF:1
FNH:0
FNDA:0,handler
DA:24,0
DA:26,0
DA:28,0
DA:29,0
DA:32,0
DA:35,0
DA:36,0
DA:40,0
DA:41,0
DA:45,0
DA:46,0
DA:50,0
DA:51,0
DA:55,0
DA:56,0
DA:57,0
DA:60,0
DA:70,0
DA:82,0
DA:83,0
DA:85,0
DA:87,0
DA:92,0
DA:94,0
DA:95,0
DA:98,0
LF:26
LH:0
BRDA:28,0,0,0
BRDA:35,1,0,0
BRDA:35,2,0,0
BRDA:35,2,1,0
BRDA:35,2,2,0
BRDA:35,2,3,0
BRDA:40,3,0,0
BRDA:40,4,0,0
BRDA:40,4,1,0
BRDA:45,5,0,0
BRDA:50,6,0,0
BRDA:50,7,0,0
BRDA:50,7,1,0
BRDA:94,8,0,0
BRF:14
BRH:0
end_of_record
TN:
SF:src/handlers/getActiveCheckIns.ts
FN:32,handler
FNF:1
FNH:0
FNDA:0,handler
DA:35,0
DA:37,0
DA:39,0
DA:41,0
DA:43,0
DA:48,0
DA:50,0
DA:51,0
DA:54,0
LF:9
LH:0
BRDA:50,0,0,0
BRF:1
BRH:0
end_of_record
TN:
SF:src/handlers/getFamilies.ts
FN:9,handler
FNF:1
FNH:0
FNDA:0,handler
DA:12,0
DA:14,0
DA:15,0
DA:17,0
DA:19,0
DA:24,0
DA:25,0
LF:7
LH:0
BRF:0
BRH:0
end_of_record
TN:
SF:src/handlers/getFamily.ts
FN:9,handler
FNF:1
FNH:0
FNDA:0,handler
DA:12,0
DA:14,0
DA:16,0
DA:18,0
DA:19,0
DA:23,0
DA:25,0
DA:26,0
DA:30,0
DA:32,0
DA:34,0
DA:39,0
DA:40,0
LF:13
LH:0
BRDA:18,0,0,0
BRDA:25,1,0,0
BRF:2
BRH:0
end_of_record
TN:
SF:src/services/checkInService.ts
FN:8,generateRandomId
FN:16,generatePin
FN:44,checkInChild
FN:84,createCheckIn
FN:108,getActiveCheckIns
FN:135,checkOutChild
FNF:6
FNH:4
FNDA:5,generateRandomId
FNDA:5,generatePin
FNDA:5,checkInChild
FNDA:5,createCheckIn
FNDA:0,getActiveCheckIns
FNDA:0,checkOutChild
DA:9,5
DA:17,5
DA:50,5
DA:53,5
DA:56,5
DA:59,5
DA:75,5
DA:78,5
DA:85,5
DA:86,5
DA:94,5
DA:96,0
DA:97,0
DA:99,0
DA:100,0
DA:109,0
DA:110,0
DA:125,0
DA:127,0
DA:128,0
DA:139,0
DA:141,0
DA:148,0
DA:149,0
DA:152,0
DA:155,0
DA:156,0
DA:160,0
DA:161,0
DA:165,0
DA:166,0
DA:183,0
DA:191,0
DA:192,0
LF:34
LH:11
BRDA:96,0,0,0
BRDA:125,1,0,0
BRDA:125,1,1,0
BRDA:148,2,0,0
BRDA:155,3,0,0
BRDA:160,4,0,0
BRF:6
BRH:0
end_of_record
TN:
SF:src/services/familyService.ts
FN:15,getAllFamilies
FN:39,getFamilyById
FN:58,createFamily
FN:88,getPeopleByFamily
FN:111,createPerson
FN:135,getAllPeople
FNF:6
FNH:0
FNDA:0,getAllFamilies
FNDA:0,getFamilyById
FNDA:0,createFamily
FNDA:0,getPeopleByFamily
FNDA:0,createPerson
FNDA:0,getAllPeople
DA:9,0
DA:16,0
DA:17,0
DA:29,0
DA:31,0
DA:32,0
DA:40,0
DA:41,0
DA:48,0
DA:50,0
DA:51,0
DA:60,0
DA:65,0
DA:66,0
DA:75,0
DA:77,0
DA:78,0
DA:80,0
DA:81,0
DA:89,0
DA:90,0
DA:101,0
DA:103,0
DA:104,0
DA:112,0
DA:113,0
DA:121,0
DA:123,0
DA:124,0
DA:126,0
DA:127,0
DA:136,0
DA:137,0
DA:148,0
DA:150,0
DA:151,0
LF:36
LH:0
BRDA:29,0,0,0
BRDA:29,0,1,0
BRDA:48,1,0,0
BRDA:48,1,1,0
BRDA:77,2,0,0
BRDA:101,3,0,0
BRDA:101,3,1,0
BRDA:123,4,0,0
BRDA:148,5,0,0
BRDA:148,5,1,0
BRF:10
BRH:0
end_of_record
TN:
SF:src/utils/dynamodb.ts
FNF:0
FNH:0
DA:8,1
DA:16,1
DA:26,1
LF:3
LH:3
BRDA:9,0,0,1
BRDA:9,0,1,1
BRDA:27,1,0,1
BRDA:27,1,1,1
BRDA:28,2,0,1
BRDA:28,2,1,1
BRDA:29,3,0,1
BRDA:29,3,1,1
BRDA:30,4,0,1
BRDA:30,4,1,1
BRDA:31,5,0,1
BRDA:31,5,1,1
BRF:12
BRH:12
end_of_record
TN:
SF:src/utils/response.ts
FN:22,success
FN:33,created
FN:44,error
FN:55,badRequest
FN:62,notFound
FN:69,serverError
FNF:6
FNH:0
FNDA:0,success
FNDA:0,created
FNDA:0,error
FNDA:0,badRequest
FNDA:0,notFound
FNDA:0,serverError
DA:13,0
DA:23,0
DA:34,0
DA:45,0
DA:56,0
DA:63,0
DA:70,0
LF:7
LH:0
BRDA:62,0,0,0
BRDA:69,1,0,0
BRF:2
BRH:0
end_of_record
